<?xml version="1.0" encoding="UTF-8"?>
<testng-results ignored="0" total="1" passed="1" failed="0" skipped="0">
  <reporter-output>
  </reporter-output>
  <suite started-at="2024-09-11T21:58:26 IST" name="Default suite" finished-at="2024-09-11T21:58:42 IST" duration-ms="15555">
    <groups>
    </groups>
    <test started-at="2024-09-11T21:58:26 IST" name="Default test" finished-at="2024-09-11T21:58:42 IST" duration-ms="15555">
      <class name="testcases.VerifyRegistretionByUsingExcel">
        <test-method is-config="true" signature="launchApplication()[pri:0, instance:testcases.VerifyRegistretionByUsingExcel@229f66ed]" started-at="2024-09-11T21:58:26 IST" name="launchApplication" finished-at="2024-09-11T21:58:36 IST" duration-ms="10097" status="PASS">
          <reporter-output>
          </reporter-output>
        </test-method> <!-- launchApplication -->
        <test-method signature="verifyLogin()[pri:0, instance:testcases.VerifyRegistretionByUsingExcel@229f66ed]" started-at="2024-09-11T21:58:36 IST" name="verifyLogin" finished-at="2024-09-11T21:58:42 IST" duration-ms="5212" status="PASS">
          <reporter-output>
          </reporter-output>
        </test-method> <!-- verifyLogin -->
        <test-method is-config="true" signature="closeBrowser()[pri:0, instance:testcases.VerifyRegistretionByUsingExcel@229f66ed]" started-at="2024-09-11T21:58:42 IST" name="closeBrowser" finished-at="2024-09-11T21:58:42 IST" duration-ms="196" status="PASS">
          <reporter-output>
          </reporter-output>
        </test-method> <!-- closeBrowser -->
        <test-method is-config="true" signature="failureScreenshots(org.testng.ITestResult)[pri:0, instance:testcases.VerifyRegistretionByUsingExcel@229f66ed]" started-at="2024-09-11T21:58:42 IST" name="failureScreenshots" finished-at="2024-09-11T21:58:42 IST" duration-ms="2" status="PASS">
          <params>
            <param index="0">
              <value>
                <![CDATA[[TestResult name=verifyLogin status=SUCCESS method=VerifyRegistretionByUsingExcel.verifyLogin()[pri:0, instance:testcases.VerifyRegistretionByUsingExcel@229f66ed] output={null}]]]>
              </value>
            </param>
          </params>
          <reporter-output>
          </reporter-output>
        </test-method> <!-- failureScreenshots -->
      </class> <!-- testcases.VerifyRegistretionByUsingExcel -->
    </test> <!-- Default test -->
  </suite> <!-- Default suite -->
</testng-results>
